This is pdfTeX, Version 3.141592653-2.6-1.40.23 (MiKTeX 21.8) (preloaded format=pdflatex 2021.11.6)  24 NOV 2021 18:06
entering extended mode
**./measure.tex
(measure.tex
LaTeX2e <2021-06-01> patch level 1
L3 programming layer <2021-08-27>
! Undefined control sequence.
l.1 \section
            {–ú–µ—Ä–∞}
The control sequence at the end of the top line
of your error message was never \def'ed. If you have
misspelled it (e.g., `\hobx'), type `I' and the correct
spelling (e.g., `I\hbox'). Otherwise just continue,
and I'll forget about whatever was undefined.


! Package inputenc Error: Unicode character –ú (U+041C)
(inputenc)                not set up for use with LaTeX.

See the inputenc package documentation for explanation.
Type  H <return>  for immediate help.
 ...                                              
                                                  
l.1 \section{–ú
               –µ—Ä–∞}
You may provide a definition with
\DeclareUnicodeCharacter 


! Package inputenc Error: Unicode character –µ (U+0435)
(inputenc)                not set up for use with LaTeX.

See the inputenc package documentation for explanation.
Type  H <return>  for immediate help.
 ...                                              
                                                  
l.1 \section{–ú–µ
                 —Ä–∞}
You may provide a definition with
\DeclareUnicodeCharacter 


! Package inputenc Error: Unicode character —Ä (U+0440)
(inputenc)                not set up for use with LaTeX.

See the inputenc package documentation for explanation.
Type  H <return>  for immediate help.
 ...                                              
                                                  
l.1 \section{–ú–µ—Ä
                   –∞}
You may provide a definition with
\DeclareUnicodeCharacter 


! Package inputenc Error: Unicode character –∞ (U+0430)
(inputenc)                not set up for use with LaTeX.

See the inputenc package documentation for explanation.
Type  H <return>  for immediate help.
 ...                                              
                                                  
l.1 \section{–ú–µ—Ä–∞
                     }
You may provide a definition with
\DeclareUnicodeCharacter 


! LaTeX Error: Environment thm undefined.

See the LaTeX manual or LaTeX Companion for explanation.
Type  H <return>  for immediate help.
 ...                                              
                                                  
l.2 \begin{thm}
               [Kolmogorov]
Your command was ignored.
Type  I <command> <return>  to replace it with another command,
or  <return>  to continue without it.


! LaTeX Error: Missing \begin{document}.

See the LaTeX manual or LaTeX Companion for explanation.
Type  H <return>  for immediate help.
 ...                                              
                                                  
l.2 \begin{thm}[
                Kolmogorov]
You're in trouble here.  Try typing  <return>  to proceed.
If that doesn't work, type  X <return>  to quit.

Missing character: There is no [ in font nullfont!
Missing character: There is no K in font nullfont!
Missing character: There is no o in font nullfont!
Missing character: There is no l in font nullfont!
Missing character: There is no m in font nullfont!
Missing character: There is no o in font nullfont!
Missing character: There is no g in font nullfont!
Missing character: There is no o in font nullfont!
Missing character: There is no r in font nullfont!
Missing character: There is no o in font nullfont!
Missing character: There is no v in font nullfont!
Missing character: There is no ] in font nullfont!

! Package inputenc Error: Unicode character –ü (U+041F)
(inputenc)                not set up for use with LaTeX.

See the inputenc package documentation for explanation.
Type  H <return>  for immediate help.
 ...                                              
                                                  
l.3 	–ü
       —É—Å—Ç—å $\nu_{t_1 t_2 t_3 \dots t_k}$ –¥–ª—è  $\forall t_1, t_2, t_3...

You may provide a definition with
\DeclareUnicodeCharacter 


! Package inputenc Error: Unicode character —É (U+0443)
(inputenc)                not set up for use with LaTeX.

See the inputenc package documentation for explanation.
Type  H <return>  for immediate help.
 ...                                              
                                                  
l.3 	–ü—É
         —Å—Ç—å $\nu_{t_1 t_2 t_3 \dots t_k}$ –¥–ª—è  $\forall t_1, t_2, t_3...

You may provide a definition with
\DeclareUnicodeCharacter 


! Package inputenc Error: Unicode character —Å (U+0441)
(inputenc)                not set up for use with LaTeX.

See the inputenc package documentation for explanation.
Type  H <return>  for immediate help.
 ...                                              
                                                  
l.3 	–ü—É—Å
           —Ç—å $\nu_{t_1 t_2 t_3 \dots t_k}$ –¥–ª—è  $\forall t_1, t_2, t_3...

You may provide a definition with
\DeclareUnicodeCharacter 


! Package inputenc Error: Unicode character —Ç (U+0442)
(inputenc)                not set up for use with LaTeX.

See the inputenc package documentation for explanation.
Type  H <return>  for immediate help.
 ...                                              
                                                  
l.3 	–ü—É—Å—Ç
             —å $\nu_{t_1 t_2 t_3 \dots t_k}$ –¥–ª—è  $\forall t_1, t_2, t_3...

You may provide a definition with
\DeclareUnicodeCharacter 


! Package inputenc Error: Unicode character —å (U+044C)
(inputenc)                not set up for use with LaTeX.

See the inputenc package documentation for explanation.
Type  H <return>  for immediate help.
 ...                                              
                                                  
l.3 	–ü—É—Å—Ç—å
                $\nu_{t_1 t_2 t_3 \dots t_k}$ –¥–ª—è  $\forall t_1, t_2, t_3...

You may provide a definition with
\DeclareUnicodeCharacter 

LaTeX Font Info:    External font `cmex10' loaded for size
(Font)              <7> on input line 3.
LaTeX Font Info:    External font `cmex10' loaded for size
(Font)              <5> on input line 3.

! Package inputenc Error: Unicode character –¥ (U+0434)
(inputenc)                not set up for use with LaTeX.

See the inputenc package documentation for explanation.
Type  H <return>  for immediate help.
 ...                                              
                                                  
l.3 	–ü—É—Å—Ç—å $\nu_{t_1 t_2 t_3 \dots t_k}$ –¥
                                                –ª—è  $\forall t_1, t_2, t_3...

You may provide a definition with
\DeclareUnicodeCharacter 


! Package inputenc Error: Unicode character –ª (U+043B)
(inputenc)                not set up for use with LaTeX.

See the inputenc package documentation for explanation.
Type  H <return>  for immediate help.
 ...                                              
                                                  
l.3 	–ü—É—Å—Ç—å $\nu_{t_1 t_2 t_3 \dots t_k}$ –¥–ª
                                                  —è  $\forall t_1, t_2, t_3...

You may provide a definition with
\DeclareUnicodeCharacter 


! Package inputenc Error: Unicode character —è (U+044F)
(inputenc)                not set up for use with LaTeX.

See the inputenc package documentation for explanation.
Type  H <return>  for immediate help.
 ...                                              
                                                  
l.3 ...—Å—Ç—å $\nu_{t_1 t_2 t_3 \dots t_k}$ –¥–ª—è
                                                    $\forall t_1, t_2, t_3 \...

You may provide a definition with
\DeclareUnicodeCharacter 


! Package inputenc Error: Unicode character —è (U+044F)
(inputenc)                not set up for use with LaTeX.

See the inputenc package documentation for explanation.
Type  H <return>  for immediate help.
 ...                                              
                                                  
l.3 ...dots t_k \in T, \quad  k \in \mathrm{N}$ —è
                                                  –≤–ª—è—é—Ç—Å—è –≤–µ—Ä–æ—è—...

You may provide a definition with
\DeclareUnicodeCharacter 


! Package inputenc Error: Unicode character –≤ (U+0432)
(inputenc)                not set up for use with LaTeX.

See the inputenc package documentation for explanation.
Type  H <return>  for immediate help.
 ...                                              
                                                  
l.3 ...ts t_k \in T, \quad  k \in \mathrm{N}$ —è–≤
                                                  –ª—è—é—Ç—Å—è –≤–µ—Ä–æ—è—Ç–...

You may provide a definition with
\DeclareUnicodeCharacter 


! Package inputenc Error: Unicode character –ª (U+043B)
(inputenc)                not set up for use with LaTeX.

See the inputenc package documentation for explanation.
Type  H <return>  for immediate help.
 ...                                              
                                                  
l.3 ... t_k \in T, \quad  k \in \mathrm{N}$ —è–≤–ª
                                                  —è—é—Ç—Å—è –≤–µ—Ä–æ—è—Ç–Ω–...

You may provide a definition with
\DeclareUnicodeCharacter 


! Package inputenc Error: Unicode character —è (U+044F)
(inputenc)                not set up for use with LaTeX.

See the inputenc package documentation for explanation.
Type  H <return>  for immediate help.
 ...                                              
                                                  
l.3 ..._k \in T, \quad  k \in \mathrm{N}$ —è–≤–ª—è
                                                  —é—Ç—Å—è –≤–µ—Ä–æ—è—Ç–Ω–æ—...

You may provide a definition with
\DeclareUnicodeCharacter 


! Package inputenc Error: Unicode character —é (U+044E)
(inputenc)                not set up for use with LaTeX.

See the inputenc package documentation for explanation.
Type  H <return>  for immediate help.
 ...                                              
                                                  
l.3 ... \in T, \quad  k \in \mathrm{N}$ —è–≤–ª—è—é
                                                  —Ç—Å—è –≤–µ—Ä–æ—è—Ç–Ω–æ—Å—...

You may provide a definition with
\DeclareUnicodeCharacter 


! Package inputenc Error: Unicode character —Ç (U+0442)
(inputenc)                not set up for use with LaTeX.

See the inputenc package documentation for explanation.
Type  H <return>  for immediate help.
 ...                                              
                                                  
l.3 ...in T, \quad  k \in \mathrm{N}$ —è–≤–ª—è—é—Ç
                                                  —Å—è –≤–µ—Ä–æ—è—Ç–Ω–æ—Å—Ç–...

You may provide a definition with
\DeclareUnicodeCharacter 


! Package inputenc Error: Unicode character —Å (U+0441)
(inputenc)                not set up for use with LaTeX.

See the inputenc package documentation for explanation.
Type  H <return>  for immediate help.
 ...                                              
                                                  
l.3 ... T, \quad  k \in \mathrm{N}$ —è–≤–ª—è—é—Ç—Å
                                                  —è –≤–µ—Ä–æ—è—Ç–Ω–æ—Å—Ç–Ω—...

You may provide a definition with
\DeclareUnicodeCharacter 


! Package inputenc Error: Unicode character —è (U+044F)
(inputenc)                not set up for use with LaTeX.

See the inputenc package documentation for explanation.
Type  H <return>  for immediate help.
 ...                                              
                                                  
l.3 ..., \quad  k \in \mathrm{N}$ —è–≤–ª—è—é—Ç—Å—è
                                                   –≤–µ—Ä–æ—è—Ç–Ω–æ—Å—Ç–Ω—ã–...

You may provide a definition with
\DeclareUnicodeCharacter 


! Package inputenc Error: Unicode character –≤ (U+0432)
(inputenc)                not set up for use with LaTeX.

See the inputenc package documentation for explanation.
Type  H <return>  for immediate help.
 ...                                              
                                                  
l.3 ...quad  k \in \mathrm{N}$ —è–≤–ª—è—é—Ç—Å—è –≤
                                                  –µ—Ä–æ—è—Ç–Ω–æ—Å—Ç–Ω—ã–º–∏...

You may provide a definition with
\DeclareUnicodeCharacter 


! Package inputenc Error: Unicode character –µ (U+0435)
(inputenc)                not set up for use with LaTeX.

See the inputenc package documentation for explanation.
Type  H <return>  for immediate help.
 ...                                              
                                                  
l.3 ...ad  k \in \mathrm{N}$ —è–≤–ª—è—é—Ç—Å—è –≤–µ
                                                  —Ä–æ—è—Ç–Ω–æ—Å—Ç–Ω—ã–º–∏ –...

You may provide a definition with
\DeclareUnicodeCharacter 


! Package inputenc Error: Unicode character —Ä (U+0440)
(inputenc)                not set up for use with LaTeX.

See the inputenc package documentation for explanation.
Type  H <return>  for immediate help.
 ...                                              
                                                  
l.3 ...  k \in \mathrm{N}$ —è–≤–ª—è—é—Ç—Å—è –≤–µ—Ä
                                                  –æ—è—Ç–Ω–æ—Å—Ç–Ω—ã–º–∏ –º–...

You may provide a definition with
\DeclareUnicodeCharacter 


! Package inputenc Error: Unicode character –æ (U+043E)
(inputenc)                not set up for use with LaTeX.

See the inputenc package documentation for explanation.
Type  H <return>  for immediate help.
 ...                                              
                                                  
l.3 ...k \in \mathrm{N}$ —è–≤–ª—è—é—Ç—Å—è –≤–µ—Ä–æ
                                                  —è—Ç–Ω–æ—Å—Ç–Ω—ã–º–∏ –º–µ—...

You may provide a definition with
\DeclareUnicodeCharacter 


! Package inputenc Error: Unicode character —è (U+044F)
(inputenc)                not set up for use with LaTeX.

See the inputenc package documentation for explanation.
Type  H <return>  for immediate help.
 ...                                              
                                                  
l.3 ...\in \mathrm{N}$ —è–≤–ª—è—é—Ç—Å—è –≤–µ—Ä–æ—è
                                                  —Ç–Ω–æ—Å—Ç–Ω—ã–º–∏ –º–µ—Ä–...

You may provide a definition with
\DeclareUnicodeCharacter 


! Package inputenc Error: Unicode character —Ç (U+0442)
(inputenc)                not set up for use with LaTeX.

See the inputenc package documentation for explanation.
Type  H <return>  for immediate help.
 ...                                              
                                                  
l.3 ...n \mathrm{N}$ —è–≤–ª—è—é—Ç—Å—è –≤–µ—Ä–æ—è—Ç
                                                  –Ω–æ—Å—Ç–Ω—ã–º–∏ –º–µ—Ä–∞–...

You may provide a definition with
\DeclareUnicodeCharacter 


! Package inputenc Error: Unicode character –Ω (U+043D)
(inputenc)                not set up for use with LaTeX.

See the inputenc package documentation for explanation.
Type  H <return>  for immediate help.
 ...                                              
                                                  
l.3 ...\mathrm{N}$ —è–≤–ª—è—é—Ç—Å—è –≤–µ—Ä–æ—è—Ç–Ω
                                                  –æ—Å—Ç–Ω—ã–º–∏ –º–µ—Ä–∞–º–...

You may provide a definition with
\DeclareUnicodeCharacter 


! Package inputenc Error: Unicode character –æ (U+043E)
(inputenc)                not set up for use with LaTeX.

See the inputenc package documentation for explanation.
Type  H <return>  for immediate help.
 ...                                              
                                                  
l.3 ...athrm{N}$ —è–≤–ª—è—é—Ç—Å—è –≤–µ—Ä–æ—è—Ç–Ω–æ
                                                  —Å—Ç–Ω—ã–º–∏ –º–µ—Ä–∞–º–∏ ...

You may provide a definition with
\DeclareUnicodeCharacter 


! Package inputenc Error: Unicode character —Å (U+0441)
(inputenc)                not set up for use with LaTeX.

See the inputenc package documentation for explanation.
Type  H <return>  for immediate help.
 ...                                              
                                                  
l.3 ...hrm{N}$ —è–≤–ª—è—é—Ç—Å—è –≤–µ—Ä–æ—è—Ç–Ω–æ—Å
                                                  —Ç–Ω—ã–º–∏ –º–µ—Ä–∞–º–∏ –Ω...

You may provide a definition with
\DeclareUnicodeCharacter 


! Package inputenc Error: Unicode character —Ç (U+0442)
(inputenc)                not set up for use with LaTeX.

See the inputenc package documentation for explanation.
Type  H <return>  for immediate help.
 ...                                              
                                                  
l.3 ...m{N}$ —è–≤–ª—è—é—Ç—Å—è –≤–µ—Ä–æ—è—Ç–Ω–æ—Å—Ç
                                                  –Ω—ã–º–∏ –º–µ—Ä–∞–º–∏ –Ω–∞...

You may provide a definition with
\DeclareUnicodeCharacter 


! Package inputenc Error: Unicode character –Ω (U+043D)
(inputenc)                not set up for use with LaTeX.

See the inputenc package documentation for explanation.
Type  H <return>  for immediate help.
 ...                                              
                                                  
l.3 ...N}$ —è–≤–ª—è—é—Ç—Å—è –≤–µ—Ä–æ—è—Ç–Ω–æ—Å—Ç–Ω
                                                  —ã–º–∏ –º–µ—Ä–∞–º–∏ –Ω–∞ $...

You may provide a definition with
\DeclareUnicodeCharacter 


! Package inputenc Error: Unicode character —ã (U+044B)
(inputenc)                not set up for use with LaTeX.

See the inputenc package documentation for explanation.
Type  H <return>  for immediate help.
 ...                                              
                                                  
l.3 ...$ —è–≤–ª—è—é—Ç—Å—è –≤–µ—Ä–æ—è—Ç–Ω–æ—Å—Ç–Ω—ã
                                                  –º–∏ –º–µ—Ä–∞–º–∏ –Ω–∞ $\m...

You may provide a definition with
\DeclareUnicodeCharacter 


! Package inputenc Error: Unicode character –º (U+043C)
(inputenc)                not set up for use with LaTeX.

See the inputenc package documentation for explanation.
Type  H <return>  for immediate help.
 ...                                              
                                                  
l.3 ...—è–≤–ª—è—é—Ç—Å—è –≤–µ—Ä–æ—è—Ç–Ω–æ—Å—Ç–Ω—ã–º
                                                  –∏ –º–µ—Ä–∞–º–∏ –Ω–∞ $\mat...

You may provide a definition with
\DeclareUnicodeCharacter 


! Package inputenc Error: Unicode character –∏ (U+0438)
(inputenc)                not set up for use with LaTeX.

See the inputenc package documentation for explanation.
Type  H <return>  for immediate help.
 ...                                              
                                                  
l.3 ...–≤–ª—è—é—Ç—Å—è –≤–µ—Ä–æ—è—Ç–Ω–æ—Å—Ç–Ω—ã–º–∏
                                                   –º–µ—Ä–∞–º–∏ –Ω–∞ $\mathr...

You may provide a definition with
\DeclareUnicodeCharacter 


! Package inputenc Error: Unicode character –º (U+043C)
(inputenc)                not set up for use with LaTeX.

See the inputenc package documentation for explanation.
Type  H <return>  for immediate help.
 ...                                              
                                                  
l.3 ...ª—è—é—Ç—Å—è –≤–µ—Ä–æ—è—Ç–Ω–æ—Å—Ç–Ω—ã–º–∏ –º
                                                  –µ—Ä–∞–º–∏ –Ω–∞ $\mathrm{R...

You may provide a definition with
\DeclareUnicodeCharacter 


! Package inputenc Error: Unicode character –µ (U+0435)
(inputenc)                not set up for use with LaTeX.

See the inputenc package documentation for explanation.
Type  H <return>  for immediate help.
 ...                                              
                                                  
l.3 ...è—é—Ç—Å—è –≤–µ—Ä–æ—è—Ç–Ω–æ—Å—Ç–Ω—ã–º–∏ –º–µ
                                                  —Ä–∞–º–∏ –Ω–∞ $\mathrm{R}^...

You may provide a definition with
\DeclareUnicodeCharacter 


! Package inputenc Error: Unicode character —Ä (U+0440)
(inputenc)                not set up for use with LaTeX.

See the inputenc package documentation for explanation.
Type  H <return>  for immediate help.
 ...                                              
                                                  
l.3 ...é—Ç—Å—è –≤–µ—Ä–æ—è—Ç–Ω–æ—Å—Ç–Ω—ã–º–∏ –º–µ—Ä
                                                  –∞–º–∏ –Ω–∞ $\mathrm{R}^{k...

You may provide a definition with
\DeclareUnicodeCharacter 


! Package inputenc Error: Unicode character –∞ (U+0430)
(inputenc)                not set up for use with LaTeX.

See the inputenc package documentation for explanation.
Type  H <return>  for immediate help.
 ...                                              
                                                  
l.3 ...Ç—Å—è –≤–µ—Ä–æ—è—Ç–Ω–æ—Å—Ç–Ω—ã–º–∏ –º–µ—Ä–∞
                                                  –º–∏ –Ω–∞ $\mathrm{R}^{kn}...

You may provide a definition with
\DeclareUnicodeCharacter 


! Package inputenc Error: Unicode character –º (U+043C)
(inputenc)                not set up for use with LaTeX.

See the inputenc package documentation for explanation.
Type  H <return>  for immediate help.
 ...                                              
                                                  
l.3 ...Å—è –≤–µ—Ä–æ—è—Ç–Ω–æ—Å—Ç–Ω—ã–º–∏ –º–µ—Ä–∞–º
                                                  –∏ –Ω–∞ $\mathrm{R}^{kn}$ ...

You may provide a definition with
\DeclareUnicodeCharacter 


! Package inputenc Error: Unicode character –∏ (U+0438)
(inputenc)                not set up for use with LaTeX.

See the inputenc package documentation for explanation.
Type  H <return>  for immediate help.
 ...                                              
                                                  
l.3 ...è –≤–µ—Ä–æ—è—Ç–Ω–æ—Å—Ç–Ω—ã–º–∏ –º–µ—Ä–∞–º–∏
                                                   –Ω–∞ $\mathrm{R}^{kn}$ —Ç...

You may provide a definition with
\DeclareUnicodeCharacter 


! Package inputenc Error: Unicode character –Ω (U+043D)
(inputenc)                not set up for use with LaTeX.

See the inputenc package documentation for explanation.
Type  H <return>  for immediate help.
 ...                                              
                                                  
l.3 ...≤–µ—Ä–æ—è—Ç–Ω–æ—Å—Ç–Ω—ã–º–∏ –º–µ—Ä–∞–º–∏ –Ω
                                                  –∞ $\mathrm{R}^{kn}$ —Ç–∞–...

You may provide a definition with
\DeclareUnicodeCharacter 


! Package inputenc Error: Unicode character –∞ (U+0430)
(inputenc)                not set up for use with LaTeX.

See the inputenc package documentation for explanation.
Type  H <return>  for immediate help.
 ...                                              
                                                  
l.3 ...µ—Ä–æ—è—Ç–Ω–æ—Å—Ç–Ω—ã–º–∏ –º–µ—Ä–∞–º–∏ –Ω–∞
                                                   $\mathrm{R}^{kn}$ —Ç–∞–∫–...

You may provide a definition with
\DeclareUnicodeCharacter 


! Package inputenc Error: Unicode character —Ç (U+0442)
(inputenc)                not set up for use with LaTeX.

See the inputenc package documentation for explanation.
Type  H <return>  for immediate help.
 ...                                              
                                                  
l.3 ...–º–∏ –º–µ—Ä–∞–º–∏ –Ω–∞ $\mathrm{R}^{kn}$ —Ç
                                                  –∞–∫–∏–º–∏, —á—Ç–æ:
You may provide a definition with
\DeclareUnicodeCharacter 


! Package inputenc Error: Unicode character –∞ (U+0430)
(inputenc)                not set up for use with LaTeX.

See the inputenc package documentation for explanation.
Type  H <return>  for immediate help.
 ...                                              
                                                  
l.3 ...–∏ –º–µ—Ä–∞–º–∏ –Ω–∞ $\mathrm{R}^{kn}$ —Ç–∞
                                                  –∫–∏–º–∏, —á—Ç–æ:
You may provide a definition with
\DeclareUnicodeCharacter 


! Package inputenc Error: Unicode character –∫ (U+043A)
(inputenc)                not set up for use with LaTeX.

See the inputenc package documentation for explanation.
Type  H <return>  for immediate help.
 ...                                              
                                                  
l.3 ... –º–µ—Ä–∞–º–∏ –Ω–∞ $\mathrm{R}^{kn}$ —Ç–∞–∫
                                                  –∏–º–∏, —á—Ç–æ:
You may provide a definition with
\DeclareUnicodeCharacter 


! Package inputenc Error: Unicode character –∏ (U+0438)
(inputenc)                not set up for use with LaTeX.

See the inputenc package documentation for explanation.
Type  H <return>  for immediate help.
 ...                                              
                                                  
l.3 ...º–µ—Ä–∞–º–∏ –Ω–∞ $\mathrm{R}^{kn}$ —Ç–∞–∫–∏
                                                  –º–∏, —á—Ç–æ:
You may provide a definition with
\DeclareUnicodeCharacter 


! Package inputenc Error: Unicode character –º (U+043C)
(inputenc)                not set up for use with LaTeX.

See the inputenc package documentation for explanation.
Type  H <return>  for immediate help.
 ...                                              
                                                  
l.3 ...µ—Ä–∞–º–∏ –Ω–∞ $\mathrm{R}^{kn}$ —Ç–∞–∫–∏–º
                                                  –∏, —á—Ç–æ:
You may provide a definition with
\DeclareUnicodeCharacter 


! Package inputenc Error: Unicode character –∏ (U+0438)
(inputenc)                not set up for use with LaTeX.

See the inputenc package documentation for explanation.
Type  H <return>  for immediate help.
 ...                                              
                                                  
l.3 ...Ä–∞–º–∏ –Ω–∞ $\mathrm{R}^{kn}$ —Ç–∞–∫–∏–º–∏
                                                  , —á—Ç–æ:
You may provide a definition with
\DeclareUnicodeCharacter 

Missing character: There is no , in font nullfont!

! Package inputenc Error: Unicode character —á (U+0447)
(inputenc)                not set up for use with LaTeX.

See the inputenc package documentation for explanation.
Type  H <return>  for immediate help.
 ...                                              
                                                  
l.3 ...º–∏ –Ω–∞ $\mathrm{R}^{kn}$ —Ç–∞–∫–∏–º–∏, —á
                                                  —Ç–æ:
You may provide a definition with
\DeclareUnicodeCharacter 


! Package inputenc Error: Unicode character —Ç (U+0442)
(inputenc)                not set up for use with LaTeX.

See the inputenc package documentation for explanation.
Type  H <return>  for immediate help.
 ...                                              
                                                  
l.3 ...∏ –Ω–∞ $\mathrm{R}^{kn}$ —Ç–∞–∫–∏–º–∏, —á—Ç
                                                  –æ:
You may provide a definition with
\DeclareUnicodeCharacter 


! Package inputenc Error: Unicode character –æ (U+043E)
(inputenc)                not set up for use with LaTeX.

See the inputenc package documentation for explanation.
Type  H <return>  for immediate help.
 ...                                              
                                                  
l.3 ...–Ω–∞ $\mathrm{R}^{kn}$ —Ç–∞–∫–∏–º–∏, —á—Ç–æ
                                                  :
You may provide a definition with
\DeclareUnicodeCharacter 

Missing character: There is no : in font nullfont!

Overfull \hbox (20.0pt too wide) in paragraph at lines 2--4
[]
 []


Overfull \hbox (40.72826pt too wide) in paragraph at lines 2--4
\OML/cmm/m/it/10 []$
 []


Overfull \hbox (71.71167pt too wide) in paragraph at lines 2--4
\OMS/cmsy/m/n/10 8\OML/cmm/m/it/10 t[]; t[]; t[] [] t[] \OMS/cmsy/m/n/10 2
 []


Overfull \hbox (26.08675pt too wide) in paragraph at lines 2--4
\OML/cmm/m/it/10 T;  k \OMS/cmsy/m/n/10 2
 []


Overfull \hbox (7.50002pt too wide) in paragraph at lines 2--4
\OT1/cmr/m/n/10 N$
 []


Overfull \hbox (17.22461pt too wide) in paragraph at lines 2--4
\OT1/cmr/m/n/10 R[]$
 []


Overfull \hbox (286.8318pt too wide) detected at line 6
\OML/cmm/m/it/10 []; [] ; t[] [] \OT1/cmr/m/n/10 = \OML/cmm/m/it/10 [] []
 []


! Package inputenc Error: Unicode character –¥ (U+0434)
(inputenc)                not set up for use with LaTeX.

See the inputenc package documentation for explanation.
Type  H <return>  for immediate help.
 ...                                              
                                                  
l.7 –¥
      –ª—è –≤—Å–µ—Ö –ø–µ—Ä–µ—Å—Ç–∞–Ω–æ–≤–æ–∫ $\sigma \in S_k $
You may provide a definition with
\DeclareUnicodeCharacter 


! Package inputenc Error: Unicode character –ª (U+043B)
(inputenc)                not set up for use with LaTeX.

See the inputenc package documentation for explanation.
Type  H <return>  for immediate help.
 ...                                              
                                                  
l.7 –¥–ª
        —è –≤—Å–µ—Ö –ø–µ—Ä–µ—Å—Ç–∞–Ω–æ–≤–æ–∫ $\sigma \in S_k $
You may provide a definition with
\DeclareUnicodeCharacter 


! Package inputenc Error: Unicode character —è (U+044F)
(inputenc)                not set up for use with LaTeX.

See the inputenc package documentation for explanation.
Type  H <return>  for immediate help.
 ...                                              
                                                  
l.7 –¥–ª—è
           –≤—Å–µ—Ö –ø–µ—Ä–µ—Å—Ç–∞–Ω–æ–≤–æ–∫ $\sigma \in S_k $
You may provide a definition with
\DeclareUnicodeCharacter 


! Package inputenc Error: Unicode character –≤ (U+0432)
(inputenc)                not set up for use with LaTeX.

See the inputenc package documentation for explanation.
Type  H <return>  for immediate help.
 ...                                              
                                                  
l.7 –¥–ª—è –≤
             —Å–µ—Ö –ø–µ—Ä–µ—Å—Ç–∞–Ω–æ–≤–æ–∫ $\sigma \in S_k $
You may provide a definition with
\DeclareUnicodeCharacter 


! Package inputenc Error: Unicode character —Å (U+0441)
(inputenc)                not set up for use with LaTeX.

See the inputenc package documentation for explanation.
Type  H <return>  for immediate help.
 ...                                              
                                                  
l.7 –¥–ª—è –≤—Å
               –µ—Ö –ø–µ—Ä–µ—Å—Ç–∞–Ω–æ–≤–æ–∫ $\sigma \in S_k $
You may provide a definition with
\DeclareUnicodeCharacter 


! Package inputenc Error: Unicode character –µ (U+0435)
(inputenc)                not set up for use with LaTeX.

See the inputenc package documentation for explanation.
Type  H <return>  for immediate help.
 ...                                              
                                                  
l.7 –¥–ª—è –≤—Å–µ
                 —Ö –ø–µ—Ä–µ—Å—Ç–∞–Ω–æ–≤–æ–∫ $\sigma \in S_k $
You may provide a definition with
\DeclareUnicodeCharacter 


! Package inputenc Error: Unicode character —Ö (U+0445)
(inputenc)                not set up for use with LaTeX.

See the inputenc package documentation for explanation.
Type  H <return>  for immediate help.
 ...                                              
                                                  
l.7 –¥–ª—è –≤—Å–µ—Ö
                    –ø–µ—Ä–µ—Å—Ç–∞–Ω–æ–≤–æ–∫ $\sigma \in S_k $
You may provide a definition with
\DeclareUnicodeCharacter 


! Package inputenc Error: Unicode character –ø (U+043F)
(inputenc)                not set up for use with LaTeX.

See the inputenc package documentation for explanation.
Type  H <return>  for immediate help.
 ...                                              
                                                  
l.7 –¥–ª—è –≤—Å–µ—Ö –ø
                      –µ—Ä–µ—Å—Ç–∞–Ω–æ–≤–æ–∫ $\sigma \in S_k $
You may provide a definition with
\DeclareUnicodeCharacter 


! Package inputenc Error: Unicode character –µ (U+0435)
(inputenc)                not set up for use with LaTeX.

See the inputenc package documentation for explanation.
Type  H <return>  for immediate help.
 ...                                              
                                                  
l.7 –¥–ª—è –≤—Å–µ—Ö –ø–µ
                        —Ä–µ—Å—Ç–∞–Ω–æ–≤–æ–∫ $\sigma \in S_k $
You may provide a definition with
\DeclareUnicodeCharacter 


! Package inputenc Error: Unicode character —Ä (U+0440)
(inputenc)                not set up for use with LaTeX.

See the inputenc package documentation for explanation.
Type  H <return>  for immediate help.
 ...                                              
                                                  
l.7 –¥–ª—è –≤—Å–µ—Ö –ø–µ—Ä
                          –µ—Å—Ç–∞–Ω–æ–≤–æ–∫ $\sigma \in S_k $
You may provide a definition with
\DeclareUnicodeCharacter 


! Package inputenc Error: Unicode character –µ (U+0435)
(inputenc)                not set up for use with LaTeX.

See the inputenc package documentation for explanation.
Type  H <return>  for immediate help.
 ...                                              
                                                  
l.7 –¥–ª—è –≤—Å–µ—Ö –ø–µ—Ä–µ
                            —Å—Ç–∞–Ω–æ–≤–æ–∫ $\sigma \in S_k $
You may provide a definition with
\DeclareUnicodeCharacter 


! Package inputenc Error: Unicode character —Å (U+0441)
(inputenc)                not set up for use with LaTeX.

See the inputenc package documentation for explanation.
Type  H <return>  for immediate help.
 ...                                              
                                                  
l.7 –¥–ª—è –≤—Å–µ—Ö –ø–µ—Ä–µ—Å
                              —Ç–∞–Ω–æ–≤–æ–∫ $\sigma \in S_k $
You may provide a definition with
\DeclareUnicodeCharacter 


! Package inputenc Error: Unicode character —Ç (U+0442)
(inputenc)                not set up for use with LaTeX.

See the inputenc package documentation for explanation.
Type  H <return>  for immediate help.
 ...                                              
                                                  
l.7 –¥–ª—è –≤—Å–µ—Ö –ø–µ—Ä–µ—Å—Ç
                                –∞–Ω–æ–≤–æ–∫ $\sigma \in S_k $
You may provide a definition with
\DeclareUnicodeCharacter 


! Package inputenc Error: Unicode character –∞ (U+0430)
(inputenc)                not set up for use with LaTeX.

See the inputenc package documentation for explanation.
Type  H <return>  for immediate help.
 ...                                              
                                                  
l.7 –¥–ª—è –≤—Å–µ—Ö –ø–µ—Ä–µ—Å—Ç–∞
                                  –Ω–æ–≤–æ–∫ $\sigma \in S_k $
You may provide a definition with
\DeclareUnicodeCharacter 


! Package inputenc Error: Unicode character –Ω (U+043D)
(inputenc)                not set up for use with LaTeX.

See the inputenc package documentation for explanation.
Type  H <return>  for immediate help.
 ...                                              
                                                  
l.7 –¥–ª—è –≤—Å–µ—Ö –ø–µ—Ä–µ—Å—Ç–∞–Ω
                                    –æ–≤–æ–∫ $\sigma \in S_k $
You may provide a definition with
\DeclareUnicodeCharacter 


! Package inputenc Error: Unicode character –æ (U+043E)
(inputenc)                not set up for use with LaTeX.

See the inputenc package documentation for explanation.
Type  H <return>  for immediate help.
 ...                                              
                                                  
l.7 –¥–ª—è –≤—Å–µ—Ö –ø–µ—Ä–µ—Å—Ç–∞–Ω–æ
                                      –≤–æ–∫ $\sigma \in S_k $
You may provide a definition with
\DeclareUnicodeCharacter 


! Package inputenc Error: Unicode character –≤ (U+0432)
(inputenc)                not set up for use with LaTeX.

See the inputenc package documentation for explanation.
Type  H <return>  for immediate help.
 ...                                              
                                                  
l.7 –¥–ª—è –≤—Å–µ—Ö –ø–µ—Ä–µ—Å—Ç–∞–Ω–æ–≤
                                        –æ–∫ $\sigma \in S_k $
You may provide a definition with
\DeclareUnicodeCharacter 


! Package inputenc Error: Unicode character –æ (U+043E)
(inputenc)                not set up for use with LaTeX.

See the inputenc package documentation for explanation.
Type  H <return>  for immediate help.
 ...                                              
                                                  
l.7 –¥–ª—è –≤—Å–µ—Ö –ø–µ—Ä–µ—Å—Ç–∞–Ω–æ–≤–æ
                                          –∫ $\sigma \in S_k $
You may provide a definition with
\DeclareUnicodeCharacter 


! Package inputenc Error: Unicode character –∫ (U+043A)
(inputenc)                not set up for use with LaTeX.

See the inputenc package documentation for explanation.
Type  H <return>  for immediate help.
 ...                                              
                                                  
l.7 –¥–ª—è –≤—Å–µ—Ö –ø–µ—Ä–µ—Å—Ç–∞–Ω–æ–≤–æ–∫
                                             $\sigma \in S_k $
You may provide a definition with
\DeclareUnicodeCharacter 


Overfull \hbox (15.5173pt too wide) in paragraph at lines 6--8
   $\OML/cmm/m/it/10  \OMS/cmsy/m/n/10 2
 []


Overfull \hbox (11.05211pt too wide) in paragraph at lines 6--8
\OML/cmm/m/it/10 S[]$ 
 []


! LaTeX Error: Environment aligned undefined.

See the LaTeX manual or LaTeX Companion for explanation.
Type  H <return>  for immediate help.
 ...                                              
                                                  
l.9 	\begin{aligned}
                    
Your command was ignored.
Type  I <command> <return>  to replace it with another command,
or  <return>  to continue without it.

! Misplaced alignment tab character &.
l.10 		&
        \nu_{t_{1}, \ldots, t_{k}}\left(F_{1} \times \cdots \times \cdots \t...
I can't figure out why you would want to use a tab mark
here. If you just want an ampersand, the remedy is
simple: Just type `I\&' now. But if some right brace
up above has ended a previous alignment prematurely,
you're probably due for more error messages, and you
might try typing `S' now just to see what is salvageable.

! Misplaced alignment tab character &.
<recently read> &
                 
l.11 		&
        \quad=\nu_{t_{1}, \ldots, t_{k}, t_{k+1}, \ldots, t_{k+m}}\left(F_{1...
I can't figure out why you would want to use a tab mark
here. If you just want an ampersand, the remedy is
simple: Just type `I\&' now. But if some right brace
up above has ended a previous alignment prematurely,
you're probably due for more error messages, and you
might try typing `S' now just to see what is salvageable.


! LaTeX Error: \begin{equation} on input line 8 ended by \end{aligned}.

See the LaTeX manual or LaTeX Companion for explanation.
Type  H <return>  for immediate help.
 ...                                              
                                                  
l.12 	\end{aligned}
                   
Your command was ignored.
Type  I <command> <return>  to replace it with another command,
or  <return>  to continue without it.


Overfull \hbox (363.12119pt too wide) detected at line 13
\OML/cmm/m/it/10 [] [] []   \OT1/cmr/m/n/10 = \OML/cmm/m/it/10 [] []
 []


! Package inputenc Error: Unicode character –¢ (U+0422)
(inputenc)                not set up for use with LaTeX.

See the inputenc package documentation for explanation.
Type  H <return>  for immediate help.
 ...                                              
                                                  
l.14 –¢
       –æ–≥–¥–∞ $\exists (\Omega, \mathcal{F}, \mathrm{P})$ –∏ —Å–ª—É—á–∞–π–...

You may provide a definition with
\DeclareUnicodeCharacter 


! Package inputenc Error: Unicode character –æ (U+043E)
(inputenc)                not set up for use with LaTeX.

See the inputenc package documentation for explanation.
Type  H <return>  for immediate help.
 ...                                              
                                                  
l.14 –¢–æ
         –≥–¥–∞ $\exists (\Omega, \mathcal{F}, \mathrm{P})$ –∏ —Å–ª—É—á–∞–π–...

You may provide a definition with
\DeclareUnicodeCharacter 


! Package inputenc Error: Unicode character –≥ (U+0433)
(inputenc)                not set up for use with LaTeX.

See the inputenc package documentation for explanation.
Type  H <return>  for immediate help.
 ...                                              
                                                  
l.14 –¢–æ–≥
           –¥–∞ $\exists (\Omega, \mathcal{F}, \mathrm{P})$ –∏ —Å–ª—É—á–∞–π–...

You may provide a definition with
\DeclareUnicodeCharacter 


! Package inputenc Error: Unicode character –¥ (U+0434)
(inputenc)                not set up for use with LaTeX.

See the inputenc package documentation for explanation.
Type  H <return>  for immediate help.
 ...                                              
                                                  
l.14 –¢–æ–≥–¥
             –∞ $\exists (\Omega, \mathcal{F}, \mathrm{P})$ –∏ —Å–ª—É—á–∞–π–...

You may provide a definition with
\DeclareUnicodeCharacter 


! Package inputenc Error: Unicode character –∞ (U+0430)
(inputenc)                not set up for use with LaTeX.

See the inputenc package documentation for explanation.
Type  H <return>  for immediate help.
 ...                                              
                                                  
l.14 –¢–æ–≥–¥–∞
                $\exists (\Omega, \mathcal{F}, \mathrm{P})$ –∏ —Å–ª—É—á–∞–π–...

You may provide a definition with
\DeclareUnicodeCharacter 


! Package inputenc Error: Unicode character –∏ (U+0438)
(inputenc)                not set up for use with LaTeX.

See the inputenc package documentation for explanation.
Type  H <return>  for immediate help.
 ...                                              
                                                  
l.14 ...ists (\Omega, \mathcal{F}, \mathrm{P})$ –∏
                                                   —Å–ª—É—á–∞–π–Ω—ã–π –ø—Ä–æ...

You may provide a definition with
\DeclareUnicodeCharacter 


! Package inputenc Error: Unicode character —Å (U+0441)
(inputenc)                not set up for use with LaTeX.

See the inputenc package documentation for explanation.
Type  H <return>  for immediate help.
 ...                                              
                                                  
l.14 ...s (\Omega, \mathcal{F}, \mathrm{P})$ –∏ —Å
                                                  –ª—É—á–∞–π–Ω—ã–π –ø—Ä–æ—Ü–...

You may provide a definition with
\DeclareUnicodeCharacter 


! Package inputenc Error: Unicode character –ª (U+043B)
(inputenc)                not set up for use with LaTeX.

See the inputenc package documentation for explanation.
Type  H <return>  for immediate help.
 ...                                              
                                                  
l.14 ...(\Omega, \mathcal{F}, \mathrm{P})$ –∏ —Å–ª
                                                  —É—á–∞–π–Ω—ã–π –ø—Ä–æ—Ü–µ—...

You may provide a definition with
\DeclareUnicodeCharacter 


! Package inputenc Error: Unicode character —É (U+0443)
(inputenc)                not set up for use with LaTeX.

See the inputenc package documentation for explanation.
Type  H <return>  for immediate help.
 ...                                              
                                                  
l.14 ...Omega, \mathcal{F}, \mathrm{P})$ –∏ —Å–ª—É
                                                  —á–∞–π–Ω—ã–π –ø—Ä–æ—Ü–µ—Å—...

You may provide a definition with
\DeclareUnicodeCharacter 


! Package inputenc Error: Unicode character —á (U+0447)
(inputenc)                not set up for use with LaTeX.

See the inputenc package documentation for explanation.
Type  H <return>  for immediate help.
 ...                                              
                                                  
l.14 ...ega, \mathcal{F}, \mathrm{P})$ –∏ —Å–ª—É—á
                                                  –∞–π–Ω—ã–π –ø—Ä–æ—Ü–µ—Å—Å ...

You may provide a definition with
\DeclareUnicodeCharacter 


! Package inputenc Error: Unicode character –∞ (U+0430)
(inputenc)                not set up for use with LaTeX.

See the inputenc package documentation for explanation.
Type  H <return>  for immediate help.
 ...                                              
                                                  
l.14 ...a, \mathcal{F}, \mathrm{P})$ –∏ —Å–ª—É—á–∞
                                                  –π–Ω—ã–π –ø—Ä–æ—Ü–µ—Å—Å $\...

You may provide a definition with
\DeclareUnicodeCharacter 


! Package inputenc Error: Unicode character –π (U+0439)
(inputenc)                not set up for use with LaTeX.

See the inputenc package documentation for explanation.
Type  H <return>  for immediate help.
 ...                                              
                                                  
l.14 ... \mathcal{F}, \mathrm{P})$ –∏ —Å–ª—É—á–∞–π
                                                  –Ω—ã–π –ø—Ä–æ—Ü–µ—Å—Å $\le...

You may provide a definition with
\DeclareUnicodeCharacter 


! Package inputenc Error: Unicode character –Ω (U+043D)
(inputenc)                not set up for use with LaTeX.

See the inputenc package documentation for explanation.
Type  H <return>  for immediate help.
 ...                                              
                                                  
l.14 ...mathcal{F}, \mathrm{P})$ –∏ —Å–ª—É—á–∞–π–Ω
                                                  —ã–π –ø—Ä–æ—Ü–µ—Å—Å $\left...

You may provide a definition with
\DeclareUnicodeCharacter 


! Package inputenc Error: Unicode character —ã (U+044B)
(inputenc)                not set up for use with LaTeX.

See the inputenc package documentation for explanation.
Type  H <return>  for immediate help.
 ...                                              
                                                  
l.14 ...thcal{F}, \mathrm{P})$ –∏ —Å–ª—É—á–∞–π–Ω—ã
                                                  –π –ø—Ä–æ—Ü–µ—Å—Å $\left\{...

You may provide a definition with
\DeclareUnicodeCharacter 


! Package inputenc Error: Unicode character –π (U+0439)
(inputenc)                not set up for use with LaTeX.

See the inputenc package documentation for explanation.
Type  H <return>  for immediate help.
 ...                                              
                                                  
l.14 ...cal{F}, \mathrm{P})$ –∏ —Å–ª—É—á–∞–π–Ω—ã–π
                                                   –ø—Ä–æ—Ü–µ—Å—Å $\left\{X_...

You may provide a definition with
\DeclareUnicodeCharacter 


! Package inputenc Error: Unicode character –ø (U+043F)
(inputenc)                not set up for use with LaTeX.

See the inputenc package documentation for explanation.
Type  H <return>  for immediate help.
 ...                                              
                                                  
l.14 ...{F}, \mathrm{P})$ –∏ —Å–ª—É—á–∞–π–Ω—ã–π –ø
                                                  —Ä–æ—Ü–µ—Å—Å $\left\{X_t\r...

You may provide a definition with
\DeclareUnicodeCharacter 


! Package inputenc Error: Unicode character —Ä (U+0440)
(inputenc)                not set up for use with LaTeX.

See the inputenc package documentation for explanation.
Type  H <return>  for immediate help.
 ...                                              
                                                  
l.14 ...}, \mathrm{P})$ –∏ —Å–ª—É—á–∞–π–Ω—ã–π –ø—Ä
                                                  –æ—Ü–µ—Å—Å $\left\{X_t\rig...

You may provide a definition with
\DeclareUnicodeCharacter 


! Package inputenc Error: Unicode character –æ (U+043E)
(inputenc)                not set up for use with LaTeX.

See the inputenc package documentation for explanation.
Type  H <return>  for immediate help.
 ...                                              
                                                  
l.14 ... \mathrm{P})$ –∏ —Å–ª—É—á–∞–π–Ω—ã–π –ø—Ä–æ
                                                  —Ü–µ—Å—Å $\left\{X_t\right...

You may provide a definition with
\DeclareUnicodeCharacter 


! Package inputenc Error: Unicode character —Ü (U+0446)
(inputenc)                not set up for use with LaTeX.

See the inputenc package documentation for explanation.
Type  H <return>  for immediate help.
 ...                                              
                                                  
l.14 ...mathrm{P})$ –∏ —Å–ª—É—á–∞–π–Ω—ã–π –ø—Ä–æ—Ü
                                                  –µ—Å—Å $\left\{X_t\right\}...

You may provide a definition with
\DeclareUnicodeCharacter 


! Package inputenc Error: Unicode character –µ (U+0435)
(inputenc)                not set up for use with LaTeX.

See the inputenc package documentation for explanation.
Type  H <return>  for immediate help.
 ...                                              
                                                  
l.14 ...thrm{P})$ –∏ —Å–ª—É—á–∞–π–Ω—ã–π –ø—Ä–æ—Ü–µ
                                                  —Å—Å $\left\{X_t\right\}$ ...

You may provide a definition with
\DeclareUnicodeCharacter 


! Package inputenc Error: Unicode character —Å (U+0441)
(inputenc)                not set up for use with LaTeX.

See the inputenc package documentation for explanation.
Type  H <return>  for immediate help.
 ...                                              
                                                  
l.14 ...rm{P})$ –∏ —Å–ª—É—á–∞–π–Ω—ã–π –ø—Ä–æ—Ü–µ—Å
                                                  —Å $\left\{X_t\right\}$ –Ω...

You may provide a definition with
\DeclareUnicodeCharacter 


! Package inputenc Error: Unicode character —Å (U+0441)
(inputenc)                not set up for use with LaTeX.

See the inputenc package documentation for explanation.
Type  H <return>  for immediate help.
 ...                                              
                                                  
l.14 ...{P})$ –∏ —Å–ª—É—á–∞–π–Ω—ã–π –ø—Ä–æ—Ü–µ—Å—Å
                                                   $\left\{X_t\right\}$ –Ω–∞...

You may provide a definition with
\DeclareUnicodeCharacter 


! Package inputenc Error: Unicode character –Ω (U+043D)
(inputenc)                not set up for use with LaTeX.

See the inputenc package documentation for explanation.
Type  H <return>  for immediate help.
 ...                                              
                                                  
l.14 ...ã–π –ø—Ä–æ—Ü–µ—Å—Å $\left\{X_t\right\}$ –Ω
                                                  –∞ $\Omega$, $X_t:\Omega \...

You may provide a definition with
\DeclareUnicodeCharacter 


! Package inputenc Error: Unicode character –∞ (U+0430)
(inputenc)                not set up for use with LaTeX.

See the inputenc package documentation for explanation.
Type  H <return>  for immediate help.
 ...                                              
                                                  
l.14 ...π –ø—Ä–æ—Ü–µ—Å—Å $\left\{X_t\right\}$ –Ω–∞
                                                   $\Omega$, $X_t:\Omega \ri...

You may provide a definition with
\DeclareUnicodeCharacter 

Missing character: There is no , in font nullfont!

Overfull \hbox (44.43053pt too wide) in paragraph at lines 13--15
 $\OMS/cmsy/m/n/10 9\OT1/cmr/m/n/10 (
\OML/cmm/m/it/10 ; \OMS/cmsy/m/n/10 F\OML/cmm/m/it/10 ; \OT1/cmr/m/n/10 P)$
 []


Overfull \hbox (21.8056pt too wide) in paragraph at lines 13--15
[]$
 []


Overfull \hbox (7.22223pt too wide) in paragraph at lines 13--15
\OT1/cmr/m/n/10 
$
 []


Overfull \hbox (17.36107pt too wide) in paragraph at lines 13--15
\OML/cmm/m/it/10 X[] \OT1/cmr/m/n/10 :
 []


Overfull \hbox (19.99995pt too wide) in paragraph at lines 13--15
\OT1/cmr/m/n/10 
 \OMS/cmsy/m/n/10 !
 []


Overfull \hbox (12.80444pt too wide) in paragraph at lines 13--15
\OT1/cmr/m/n/10 R[]$ 
 []


Overfull \hbox (228.63731pt too wide) detected at line 17
\OML/cmm/m/it/10 [] [] \OT1/cmr/m/n/10 = \OML/cmm/m/it/10 P []
 []


! LaTeX Error: \begin{document} ended by \end{thm}.

See the LaTeX manual or LaTeX Companion for explanation.
Type  H <return>  for immediate help.
 ...                                              
                                                  
l.18 \end{thm}
              	
Your command was ignored.
Type  I <command> <return>  to replace it with another command,
or  <return>  to continue without it.

)
! Emergency stop.
<*> ./measure.tex
                 
*** (job aborted, no legal \end found)

 
Here is how much of TeX's memory you used:
 56 strings out of 478927
 699 string characters out of 2864310
 292175 words of memory out of 3000000
 18013 multiletter control sequences out of 15000+600000
 404357 words of font info for 30 fonts, out of 8000000 for 9000
 1141 hyphenation exceptions out of 8191
 18i,3n,16p,250b,117s stack positions out of 5000i,500n,10000p,200000b,80000s
!  ==> Fatal error occurred, no output PDF file produced!
